# JRE version: OpenJDK Runtime Environment (8.0_242-b01) (build 1.8.0_242-release-1644-b01)
# Java VM: OpenJDK 64-Bit Server VM (25.242-b01 mixed mode windows-amd64 compressed oops)
Heap:
 PSYoungGen      total 75776K, used 21724K [0x000000076b900000, 0x0000000771e80000, 0x00000007c0000000)
  eden space 65024K, 33% used [0x000000076b900000,0x000000076ce37268,0x000000076f880000)
  from space 10752K, 0% used [0x000000076f880000,0x000000076f880000,0x0000000770300000)
  to   space 10752K, 0% used [0x0000000771400000,0x0000000771400000,0x0000000771e80000)
 ParOldGen       total 145920K, used 27623K [0x00000006c2a00000, 0x00000006cb880000, 0x000000076b900000)
  object space 145920K, 18% used [0x00000006c2a00000,0x00000006c44f9fc0,0x00000006cb880000)
 Metaspace       used 35883K, capacity 36414K, committed 36736K, reserved 1087488K
  class space    used 4481K, capacity 4636K, committed 4736K, reserved 1048576K
GC Heap History (10 events):
Event: 2.340 GC heap before
{Heap before GC invocations=4 (full 1):
 PSYoungGen      total 75776K, used 65024K [0x000000076b900000, 0x0000000770d80000, 0x00000007c0000000)
  eden space 65024K, 100% used [0x000000076b900000,0x000000076f880000,0x000000076f880000)
  from space 10752K, 0% used [0x0000000770300000,0x0000000770300000,0x0000000770d80000)
  to   space 10752K, 0% used [0x000000076f880000,0x000000076f880000,0x0000000770300000)
 ParOldGen       total 145920K, used 22316K [0x00000006c2a00000, 0x00000006cb880000, 0x000000076b900000)
  object space 145920K, 15% used [0x00000006c2a00000,0x00000006c3fcb088,0x00000006cb880000)
 Metaspace       used 29536K, capacity 30058K, committed 30336K, reserved 1075200K
  class space    used 3693K, capacity 3852K, committed 3968K, reserved 1048576K
Event: 2.348 GC heap after
Heap after GC invocations=4 (full 1):
 PSYoungGen      total 75776K, used 10732K [0x000000076b900000, 0x0000000771e80000, 0x00000007c0000000)
  eden space 65024K, 0% used [0x000000076b900000,0x000000076b900000,0x000000076f880000)
  from space 10752K, 99% used [0x000000076f880000,0x00000007702fb158,0x0000000770300000)
  to   space 10752K, 0% used [0x0000000771400000,0x0000000771400000,0x0000000771e80000)
 ParOldGen       total 145920K, used 27059K [0x00000006c2a00000, 0x00000006cb880000, 0x000000076b900000)
  object space 145920K, 18% used [0x00000006c2a00000,0x00000006c446cfb0,0x00000006cb880000)
 Metaspace       used 29536K, capacity 30058K, committed 30336K, reserved 1075200K
  class space    used 3693K, capacity 3852K, committed 3968K, reserved 1048576K
}
Event: 2.483 GC heap before
{Heap before GC invocations=5 (full 1):
 PSYoungGen      total 75776K, used 22420K [0x000000076b900000, 0x0000000771e80000, 0x00000007c0000000)
  eden space 65024K, 17% used [0x000000076b900000,0x000000076c46a0c0,0x000000076f880000)
  from space 10752K, 99% used [0x000000076f880000,0x00000007702fb158,0x0000000770300000)
  to   space 10752K, 0% used [0x0000000771400000,0x0000000771400000,0x0000000771e80000)
 ParOldGen       total 145920K, used 27059K [0x00000006c2a00000, 0x00000006cb880000, 0x000000076b900000)
  object space 145920K, 18% used [0x00000006c2a00000,0x00000006c446cfb0,0x00000006cb880000)
 Metaspace       used 31401K, capacity 31862K, committed 32000K, reserved 1081344K
  class space    used 3905K, capacity 4046K, committed 4096K, reserved 1048576K
Event: 2.489 GC heap after
Heap after GC invocations=5 (full 1):
 PSYoungGen      total 75776K, used 9991K [0x000000076b900000, 0x0000000771e80000, 0x00000007c0000000)
  eden space 65024K, 0% used [0x000000076b900000,0x000000076b900000,0x000000076f880000)
  from space 10752K, 92% used [0x0000000771400000,0x0000000771dc1c30,0x0000000771e80000)
  to   space 10752K, 0% used [0x000000076f880000,0x000000076f880000,0x0000000770300000)
 ParOldGen       total 145920K, used 27067K [0x00000006c2a00000, 0x00000006cb880000, 0x000000076b900000)
  object space 145920K, 18% used [0x00000006c2a00000,0x00000006c446efb0,0x00000006cb880000)
 Metaspace       used 31401K, capacity 31862K, committed 32000K, reserved 1081344K
  class space    used 3905K, capacity 4046K, committed 4096K, reserved 1048576K
}
Event: 2.489 GC heap before
{Heap before GC invocations=6 (full 2):
 PSYoungGen      total 75776K, used 9991K [0x000000076b900000, 0x0000000771e80000, 0x00000007c0000000)
  eden space 65024K, 0% used [0x000000076b900000,0x000000076b900000,0x000000076f880000)
  from space 10752K, 92% used [0x0000000771400000,0x0000000771dc1c30,0x0000000771e80000)
  to   space 10752K, 0% used [0x000000076f880000,0x000000076f880000,0x0000000770300000)
 ParOldGen       total 145920K, used 27067K [0x00000006c2a00000, 0x00000006cb880000, 0x000000076b900000)
  object space 145920K, 18% used [0x00000006c2a00000,0x00000006c446efb0,0x00000006cb880000)
 Metaspace       used 31401K, capacity 31862K, committed 32000K, reserved 1081344K
  class space    used 3905K, capacity 4046K, committed 4096K, reserved 1048576K
Event: 2.539 GC heap after
Heap after GC invocations=6 (full 2):
 PSYoungGen      total 75776K, used 0K [0x000000076b900000, 0x0000000771e80000, 0x00000007c0000000)
  eden space 65024K, 0% used [0x000000076b900000,0x000000076b900000,0x000000076f880000)
  from space 10752K, 0% used [0x0000000771400000,0x0000000771400000,0x0000000771e80000)
  to   space 10752K, 0% used [0x000000076f880000,0x000000076f880000,0x0000000770300000)
 ParOldGen       total 145920K, used 29221K [0x00000006c2a00000, 0x00000006cb880000, 0x000000076b900000)
  object space 145920K, 20% used [0x00000006c2a00000,0x00000006c4689788,0x00000006cb880000)
 Metaspace       used 31401K, capacity 31862K, committed 32000K, reserved 1079296K
  class space    used 3905K, capacity 4046K, committed 4096K, reserved 1048576K
}
Event: 2.561 GC heap before
{Heap before GC invocations=7 (full 2):
 PSYoungGen      total 75776K, used 2541K [0x000000076b900000, 0x0000000771e80000, 0x00000007c0000000)
  eden space 65024K, 3% used [0x000000076b900000,0x000000076bb7b5c8,0x000000076f880000)
  from space 10752K, 0% used [0x0000000771400000,0x0000000771400000,0x0000000771e80000)
  to   space 10752K, 0% used [0x000000076f880000,0x000000076f880000,0x0000000770300000)
 ParOldGen       total 145920K, used 29221K [0x00000006c2a00000, 0x00000006cb880000, 0x000000076b900000)
  object space 145920K, 20% used [0x00000006c2a00000,0x00000006c4689788,0x00000006cb880000)
 Metaspace       used 31688K, capacity 32150K, committed 32256K, reserved 1083392K
  class space    used 3936K, capacity 4078K, committed 4096K, reserved 1048576K
Event: 2.563 GC heap after
Heap after GC invocations=7 (full 2):
 PSYoungGen      total 75776K, used 769K [0x000000076b900000, 0x0000000771e80000, 0x00000007c0000000)
  eden space 65024K, 0% used [0x000000076b900000,0x000000076b900000,0x000000076f880000)
  from space 10752K, 7% used [0x000000076f880000,0x000000076f940408,0x0000000770300000)
  to   space 10752K, 0% used [0x0000000771400000,0x0000000771400000,0x0000000771e80000)
 ParOldGen       total 145920K, used 29221K [0x00000006c2a00000, 0x00000006cb880000, 0x000000076b900000)
  object space 145920K, 20% used [0x00000006c2a00000,0x00000006c4689788,0x00000006cb880000)
 Metaspace       used 31688K, capacity 32150K, committed 32256K, reserved 1083392K
  class space    used 3936K, capacity 4078K, committed 4096K, reserved 1048576K
}
Event: 2.563 GC heap before
{Heap before GC invocations=8 (full 3):
 PSYoungGen      total 75776K, used 769K [0x000000076b900000, 0x0000000771e80000, 0x00000007c0000000)
  eden space 65024K, 0% used [0x000000076b900000,0x000000076b900000,0x000000076f880000)
  from space 10752K, 7% used [0x000000076f880000,0x000000076f940408,0x0000000770300000)
  to   space 10752K, 0% used [0x0000000771400000,0x0000000771400000,0x0000000771e80000)
 ParOldGen       total 145920K, used 29221K [0x00000006c2a00000, 0x00000006cb880000, 0x000000076b900000)
  object space 145920K, 20% used [0x00000006c2a00000,0x00000006c4689788,0x00000006cb880000)
 Metaspace       used 31688K, capacity 32150K, committed 32256K, reserved 1083392K
  class space    used 3936K, capacity 4078K, committed 4096K, reserved 1048576K
Event: 2.673 GC heap after
Heap after GC invocations=8 (full 3):
 PSYoungGen      total 75776K, used 0K [0x000000076b900000, 0x0000000771e80000, 0x00000007c0000000)
  eden space 65024K, 0% used [0x000000076b900000,0x000000076b900000,0x000000076f880000)
  from space 10752K, 0% used [0x000000076f880000,0x000000076f880000,0x0000000770300000)
  to   space 10752K, 0% used [0x0000000771400000,0x0000000771400000,0x0000000771e80000)
 ParOldGen       total 145920K, used 27623K [0x00000006c2a00000, 0x00000006cb880000, 0x000000076b900000)
  object space 145920K, 18% used [0x00000006c2a00000,0x00000006c44f9fc0,0x00000006cb880000)
 Metaspace       used 31688K, capacity 32150K, committed 32256K, reserved 1081344K
  class space    used 3936K, capacity 4078K, committed 4096K, reserved 1048576K
}

